This is pdfTeX, Version 3.141592653-2.6-1.40.27 (MiKTeX 25.4) (preloaded format=pdflatex 2025.6.4)  12 JUN 2025 08:05
entering extended mode
 restricted \write18 enabled.
 %&-line parsing enabled.
**"./Kantinen 2_Freitag.tex"
(Kantinen 2_Freitag.tex
LaTeX2e <2024-11-01> patch level 2
L3 programming layer <2025-04-29>
(C:\Users\Tim\AppData\Local\Programs\MiKTeX\tex/latex/base\article.cls
Document Class: article 2024/06/29 v1.4n Standard LaTeX document class
(C:\Users\Tim\AppData\Local\Programs\MiKTeX\tex/latex/base\size10.clo
File: size10.clo 2024/06/29 v1.4n Standard LaTeX file (size option)
)
\c@part=\count272
\c@section=\count273
\c@subsection=\count274
\c@subsubsection=\count275
\c@paragraph=\count276
\c@subparagraph=\count277
\c@figure=\count278
\c@table=\count279
\abovecaptionskip=\skip49
\belowcaptionskip=\skip50
\bibindent=\dimen146
)
(C:\Users\Tim\AppData\Local\Programs\MiKTeX\tex/latex/lm\lmodern.sty
Package: lmodern 2015/05/01 v1.6.1 Latin Modern Fonts
LaTeX Font Info:    Overwriting symbol font `operators' in version `normal'
(Font)                  OT1/cmr/m/n --> OT1/lmr/m/n on input line 22.
LaTeX Font Info:    Overwriting symbol font `letters' in version `normal'
(Font)                  OML/cmm/m/it --> OML/lmm/m/it on input line 23.
LaTeX Font Info:    Overwriting symbol font `symbols' in version `normal'
(Font)                  OMS/cmsy/m/n --> OMS/lmsy/m/n on input line 24.
LaTeX Font Info:    Overwriting symbol font `largesymbols' in version `normal'
(Font)                  OMX/cmex/m/n --> OMX/lmex/m/n on input line 25.
LaTeX Font Info:    Overwriting symbol font `operators' in version `bold'
(Font)                  OT1/cmr/bx/n --> OT1/lmr/bx/n on input line 26.
LaTeX Font Info:    Overwriting symbol font `letters' in version `bold'
(Font)                  OML/cmm/b/it --> OML/lmm/b/it on input line 27.
LaTeX Font Info:    Overwriting symbol font `symbols' in version `bold'
(Font)                  OMS/cmsy/b/n --> OMS/lmsy/b/n on input line 28.
LaTeX Font Info:    Overwriting symbol font `largesymbols' in version `bold'
(Font)                  OMX/cmex/m/n --> OMX/lmex/m/n on input line 29.
LaTeX Font Info:    Overwriting math alphabet `\mathbf' in version `normal'
(Font)                  OT1/cmr/bx/n --> OT1/lmr/bx/n on input line 31.
LaTeX Font Info:    Overwriting math alphabet `\mathsf' in version `normal'
(Font)                  OT1/cmss/m/n --> OT1/lmss/m/n on input line 32.
LaTeX Font Info:    Overwriting math alphabet `\mathit' in version `normal'
(Font)                  OT1/cmr/m/it --> OT1/lmr/m/it on input line 33.
LaTeX Font Info:    Overwriting math alphabet `\mathtt' in version `normal'
(Font)                  OT1/cmtt/m/n --> OT1/lmtt/m/n on input line 34.
LaTeX Font Info:    Overwriting math alphabet `\mathbf' in version `bold'
(Font)                  OT1/cmr/bx/n --> OT1/lmr/bx/n on input line 35.
LaTeX Font Info:    Overwriting math alphabet `\mathsf' in version `bold'
(Font)                  OT1/cmss/bx/n --> OT1/lmss/bx/n on input line 36.
LaTeX Font Info:    Overwriting math alphabet `\mathit' in version `bold'
(Font)                  OT1/cmr/bx/it --> OT1/lmr/bx/it on input line 37.
LaTeX Font Info:    Overwriting math alphabet `\mathtt' in version `bold'
(Font)                  OT1/cmtt/m/n --> OT1/lmtt/m/n on input line 38.
)
(C:\Users\Tim\AppData\Local\Programs\MiKTeX\tex/latex/base\fontenc.sty
Package: fontenc 2021/04/29 v2.0v Standard LaTeX package
LaTeX Font Info:    Trying to load font information for T1+lmr on input line 11
6.

(C:\Users\Tim\AppData\Local\Programs\MiKTeX\tex/latex/lm\t1lmr.fd
File: t1lmr.fd 2015/05/01 v1.6.1 Font defs for Latin Modern
))
(C:\Users\Tim\AppData\Local\Programs\MiKTeX\tex/latex/base\inputenc.sty
Package: inputenc 2024/02/08 v1.3d Input encoding file
\inpenc@prehook=\toks17
\inpenc@posthook=\toks18
)
(C:\Users\Tim\AppData\Local\Programs\MiKTeX\tex/latex/xcolor\xcolor.sty
Package: xcolor 2024/09/29 v3.02 LaTeX color extensions (UK)

(C:\Users\Tim\AppData\Local\Programs\MiKTeX\tex/latex/graphics-cfg\color.cfg
File: color.cfg 2016/01/02 v1.6 sample color configuration
)
Package xcolor Info: Driver file: pdftex.def on input line 274.

(C:\Users\Tim\AppData\Local\Programs\MiKTeX\tex/latex/graphics-def\pdftex.def
File: pdftex.def 2024/04/13 v1.2c Graphics/color driver for pdftex
)
(C:\Users\Tim\AppData\Local\Programs\MiKTeX\tex/latex/graphics\mathcolor.ltx)
Package xcolor Info: Model `cmy' substituted by `cmy0' on input line 1349.
Package xcolor Info: Model `hsb' substituted by `rgb' on input line 1353.
Package xcolor Info: Model `RGB' extended on input line 1365.
Package xcolor Info: Model `HTML' substituted by `rgb' on input line 1367.
Package xcolor Info: Model `Hsb' substituted by `hsb' on input line 1368.
Package xcolor Info: Model `tHsb' substituted by `hsb' on input line 1369.
Package xcolor Info: Model `HSB' substituted by `hsb' on input line 1370.
Package xcolor Info: Model `Gray' substituted by `gray' on input line 1371.
Package xcolor Info: Model `wave' substituted by `hsb' on input line 1372.
)
(C:\Users\Tim\AppData\Local\Programs\MiKTeX\tex/latex/colortbl\colortbl.sty
Package: colortbl 2024/10/29 v1.0k Color table columns (DPC)

(C:\Users\Tim\AppData\Local\Programs\MiKTeX\tex/latex/tools\array.sty
Package: array 2024/10/17 v2.6g Tabular extension package (FMi)
\col@sep=\dimen147
\ar@mcellbox=\box53
\extrarowheight=\dimen148
\NC@list=\toks19
\extratabsurround=\skip51
\backup@length=\skip52
\ar@cellbox=\box54
)
\everycr=\toks20
\minrowclearance=\skip53
\rownum=\count280
)
(C:\Users\Tim\AppData\Local\Programs\MiKTeX\tex/latex/booktabs\booktabs.sty
Package: booktabs 2020/01/12 v1.61803398 Publication quality tables
\heavyrulewidth=\dimen149
\lightrulewidth=\dimen150
\cmidrulewidth=\dimen151
\belowrulesep=\dimen152
\belowbottomsep=\dimen153
\aboverulesep=\dimen154
\abovetopsep=\dimen155
\cmidrulesep=\dimen156
\cmidrulekern=\dimen157
\defaultaddspace=\dimen158
\@cmidla=\count281
\@cmidlb=\count282
\@aboverulesep=\dimen159
\@belowrulesep=\dimen160
\@thisruleclass=\count283
\@lastruleclass=\count284
\@thisrulewidth=\dimen161
)
(C:\Users\Tim\AppData\Local\Programs\MiKTeX\tex/latex/graphics\graphicx.sty
Package: graphicx 2021/09/16 v1.2d Enhanced LaTeX Graphics (DPC,SPQR)

(C:\Users\Tim\AppData\Local\Programs\MiKTeX\tex/latex/graphics\keyval.sty
Package: keyval 2022/05/29 v1.15 key=value parser (DPC)
\KV@toks@=\toks21
)
(C:\Users\Tim\AppData\Local\Programs\MiKTeX\tex/latex/graphics\graphics.sty
Package: graphics 2024/08/06 v1.4g Standard LaTeX Graphics (DPC,SPQR)

(C:\Users\Tim\AppData\Local\Programs\MiKTeX\tex/latex/graphics\trig.sty
Package: trig 2023/12/02 v1.11 sin cos tan (DPC)
)
(C:\Users\Tim\AppData\Local\Programs\MiKTeX\tex/latex/graphics-cfg\graphics.cfg
File: graphics.cfg 2016/06/04 v1.11 sample graphics configuration
)
Package graphics Info: Driver file: pdftex.def on input line 106.
)
\Gin@req@height=\dimen162
\Gin@req@width=\dimen163
) (C:\Users\Tim\AppData\Local\Programs\MiKTeX\tex/latex/tools\tabularx.sty
Package: tabularx 2023/12/11 v2.12a `tabularx' package (DPC)
\TX@col@width=\dimen164
\TX@old@table=\dimen165
\TX@old@col=\dimen166
\TX@target=\dimen167
\TX@delta=\dimen168
\TX@cols=\count285
\TX@ftn=\toks22
)
(C:\Users\Tim\AppData\Local\Programs\MiKTeX\tex/latex/multirow\multirow.sty
Package: multirow 2024/11/12 v2.9 Span multiple rows of a table
\multirow@colwidth=\skip54
\multirow@cntb=\count286
\multirow@dima=\skip55
\bigstrutjot=\dimen169
)
(C:\Users\Tim\AppData\Local\Programs\MiKTeX\tex/latex/geometry\geometry.sty
Package: geometry 2020/01/02 v5.9 Page Geometry

(C:\Users\Tim\AppData\Local\Programs\MiKTeX\tex/generic/iftex\ifvtex.sty
Package: ifvtex 2019/10/25 v1.7 ifvtex legacy package. Use iftex instead.

(C:\Users\Tim\AppData\Local\Programs\MiKTeX\tex/generic/iftex\iftex.sty
Package: iftex 2024/12/12 v1.0g TeX engine tests
))
\Gm@cnth=\count287
\Gm@cntv=\count288
\c@Gm@tempcnt=\count289
\Gm@bindingoffset=\dimen170
\Gm@wd@mp=\dimen171
\Gm@odd@mp=\dimen172
\Gm@even@mp=\dimen173
\Gm@layoutwidth=\dimen174
\Gm@layoutheight=\dimen175
\Gm@layouthoffset=\dimen176
\Gm@layoutvoffset=\dimen177
\Gm@dimlist=\toks23

(C:\Users\Tim\AppData\Local\Programs\MiKTeX\tex/latex/geometry\geometry.cfg))
LaTeX Font Info:    Trying to load font information for T1+lmss on input line 5
0.

(C:\Users\Tim\AppData\Local\Programs\MiKTeX\tex/latex/lm\t1lmss.fd
File: t1lmss.fd 2015/05/01 v1.6.1 Font defs for Latin Modern
)
(C:\Users\Tim\AppData\Local\Programs\MiKTeX\tex/latex/l3backend\l3backend-pdfte
x.def
File: l3backend-pdftex.def 2025-04-14 L3 backend support: PDF output (pdfTeX)
\l__color_backend_stack_int=\count290
)

LaTeX Warning: Unused global option(s):
    [20pt].

(C:\Users\Tim\OneDrive\Dokumente\Menueplan_app\log\Kantinen 2_Freitag.aux)
\openout1 = `"Kantinen 2_Freitag.aux"'.

LaTeX Font Info:    Checking defaults for OML/cmm/m/it on input line 50.
LaTeX Font Info:    ... okay on input line 50.
LaTeX Font Info:    Checking defaults for OMS/cmsy/m/n on input line 50.
LaTeX Font Info:    ... okay on input line 50.
LaTeX Font Info:    Checking defaults for OT1/cmr/m/n on input line 50.
LaTeX Font Info:    ... okay on input line 50.
LaTeX Font Info:    Checking defaults for T1/cmr/m/n on input line 50.
LaTeX Font Info:    ... okay on input line 50.
LaTeX Font Info:    Checking defaults for TS1/cmr/m/n on input line 50.
LaTeX Font Info:    ... okay on input line 50.
LaTeX Font Info:    Checking defaults for OMX/cmex/m/n on input line 50.
LaTeX Font Info:    ... okay on input line 50.
LaTeX Font Info:    Checking defaults for U/cmr/m/n on input line 50.
LaTeX Font Info:    ... okay on input line 50.

(C:\Users\Tim\AppData\Local\Programs\MiKTeX\tex/context/base/mkii\supp-pdf.mkii
[Loading MPS to PDF converter (version 2006.09.02).]
\scratchcounter=\count291
\scratchdimen=\dimen178
\scratchbox=\box55
\nofMPsegments=\count292
\nofMParguments=\count293
\everyMPshowfont=\toks24
\MPscratchCnt=\count294
\MPscratchDim=\dimen179
\MPnumerator=\count295
\makeMPintoPDFobject=\count296
\everyMPtoPDFconversion=\toks25
)
(C:\Users\Tim\AppData\Local\Programs\MiKTeX\tex/latex/epstopdf-pkg\epstopdf-bas
e.sty
Package: epstopdf-base 2020-01-24 v2.11 Base part for package epstopdf
Package epstopdf-base Info: Redefining graphics rule for `.eps' on input line 4
85.

(C:\Users\Tim\AppData\Local\Programs\MiKTeX\tex/latex/00miktex\epstopdf-sys.cfg
File: epstopdf-sys.cfg 2021/03/18 v2.0 Configuration of epstopdf for MiKTeX
))
*geometry* driver: auto-detecting
*geometry* detected driver: pdftex
*geometry* verbose mode - [ preamble ] result:
* driver: pdftex
* paper: a4paper
* layout: <same size as paper>
* layoutoffset:(h,v)=(0.0pt,0.0pt)
* modes: 
* h-part:(L,W,R)=(72.2698pt, 452.96826pt, 72.2698pt)
* v-part:(T,H,B)=(72.2698pt, 700.50723pt, 72.2698pt)
* \paperwidth=597.50787pt
* \paperheight=845.04684pt
* \textwidth=452.96826pt
* \textheight=700.50723pt
* \oddsidemargin=-0.00018pt
* \evensidemargin=-0.00018pt
* \topmargin=-37.00018pt
* \headheight=12.0pt
* \headsep=25.0pt
* \topskip=10.0pt
* \footskip=30.0pt
* \marginparwidth=57.0pt
* \marginparsep=11.0pt
* \columnsep=10.0pt
* \skip\footins=9.0pt plus 4.0pt minus 2.0pt
* \hoffset=0.0pt
* \voffset=0.0pt
* \mag=1000
* \@twocolumnfalse
* \@twosidefalse
* \@mparswitchfalse
* \@reversemarginfalse
* (1in=72.27pt=25.4mm, 1cm=28.453pt)

LaTeX Font Info:    Trying to load font information for OT1+lmr on input line 5
5.
(C:\Users\Tim\AppData\Local\Programs\MiKTeX\tex/latex/lm\ot1lmr.fd
File: ot1lmr.fd 2015/05/01 v1.6.1 Font defs for Latin Modern
)
LaTeX Font Info:    Trying to load font information for OML+lmm on input line 5
5.

(C:\Users\Tim\AppData\Local\Programs\MiKTeX\tex/latex/lm\omllmm.fd
File: omllmm.fd 2015/05/01 v1.6.1 Font defs for Latin Modern
)
LaTeX Font Info:    Trying to load font information for OMS+lmsy on input line 
55.

(C:\Users\Tim\AppData\Local\Programs\MiKTeX\tex/latex/lm\omslmsy.fd
File: omslmsy.fd 2015/05/01 v1.6.1 Font defs for Latin Modern
)
LaTeX Font Info:    Trying to load font information for OMX+lmex on input line 
55.

(C:\Users\Tim\AppData\Local\Programs\MiKTeX\tex/latex/lm\omxlmex.fd
File: omxlmex.fd 2015/05/01 v1.6.1 Font defs for Latin Modern
)
LaTeX Font Info:    External font `lmex10' loaded for size
(Font)              <14.4> on input line 55.
LaTeX Font Info:    External font `lmex10' loaded for size
(Font)              <10> on input line 55.
LaTeX Font Info:    External font `lmex10' loaded for size
(Font)              <7> on input line 55.
<A.jpg, id=1, 531.48563pt x 531.48563pt>
File: A.jpg Graphic file (type jpg)
<use A.jpg>
Package pdftex.def Info: A.jpg  used on input line 60.
(pdftex.def)             Requested size: 99.58032pt x 99.58032pt.
<../output_img/Kantinen 2_row0_c5.png, id=2, 1027.84pt x 1027.84pt>
File: ../output_img/Kantinen 2_row0_c5.png Graphic file (type png)
<use ../output_img/Kantinen 2_row0_c5.png>
Package pdftex.def Info: ../output_img/Kantinen 2_row0_c5.png  used on input li
ne 60.
(pdftex.def)             Requested size: 99.57489pt x 99.57489pt.
<../output_img/Kantinen 2_row1_c5.png, id=3, 1027.84pt x 1027.84pt>
File: ../output_img/Kantinen 2_row1_c5.png Graphic file (type png)
<use ../output_img/Kantinen 2_row1_c5.png>
Package pdftex.def Info: ../output_img/Kantinen 2_row1_c5.png  used on input li
ne 62.
(pdftex.def)             Requested size: 99.57489pt x 99.57489pt.
<B.jpg, id=4, 531.48563pt x 531.48563pt>
File: B.jpg Graphic file (type jpg)
<use B.jpg>
Package pdftex.def Info: B.jpg  used on input line 64.
(pdftex.def)             Requested size: 99.58032pt x 99.58032pt.
<../output_img/Kantinen 2_row2_c5.png, id=5, 1027.84pt x 1027.84pt>
File: ../output_img/Kantinen 2_row2_c5.png Graphic file (type png)
<use ../output_img/Kantinen 2_row2_c5.png>
Package pdftex.def Info: ../output_img/Kantinen 2_row2_c5.png  used on input li
ne 64.
(pdftex.def)             Requested size: 99.57489pt x 99.57489pt.

Underfull \hbox (badness 2529) in paragraph at lines 64--64
[]|\T1/lmss/m/n/14.4 Bandnudeln mit Lachs an
 []

<C.jpg, id=6, 531.48563pt x 531.48563pt>
File: C.jpg Graphic file (type jpg)
<use C.jpg>
Package pdftex.def Info: C.jpg  used on input line 66.
(pdftex.def)             Requested size: 99.58032pt x 99.58032pt.
<../output_img/Kantinen 2_row3_c5.png, id=7, 1027.84pt x 1027.84pt>
File: ../output_img/Kantinen 2_row3_c5.png Graphic file (type png)
<use ../output_img/Kantinen 2_row3_c5.png>
Package pdftex.def Info: ../output_img/Kantinen 2_row3_c5.png  used on input li
ne 66.
(pdftex.def)             Requested size: 99.57489pt x 99.57489pt.

Underfull \hbox (badness 4967) in paragraph at lines 66--66
[]|\T1/lmss/m/n/14.4 Bandnudeln mit Cher-ry-to-
 []

<../output_img/Kantinen 2_row4_c5.png, id=8, 1027.84pt x 1027.84pt>
File: ../output_img/Kantinen 2_row4_c5.png Graphic file (type png)
<use ../output_img/Kantinen 2_row4_c5.png>
Package pdftex.def Info: ../output_img/Kantinen 2_row4_c5.png  used on input li
ne 68.
(pdftex.def)             Requested size: 99.57489pt x 99.57489pt.

Underfull \hbox (badness 1231) in paragraph at lines 68--68
[]|\T1/lmss/m/n/14.4 Knackig frische Salate mit
 []

<D.jpg, id=9, 531.48563pt x 531.48563pt>
File: D.jpg Graphic file (type jpg)
<use D.jpg>
Package pdftex.def Info: D.jpg  used on input line 70.
(pdftex.def)             Requested size: 99.58032pt x 99.58032pt.


[1

{C:/Users/Tim/AppData/Local/MiKTeX/fonts/map/pdftex/pdftex.map}{C:/Users/Tim/Ap
pData/Local/Programs/MiKTeX/fonts/enc/dvips/lm/lm-ec.enc} <./A.jpg> <../output_
img/Kantinen 2_row0_c5.png> <../output_img/Kantinen 2_row1_c5.png> <./B.jpg> <.
./output_img/Kantinen 2_row2_c5.png> <./C.jpg> <../output_img/Kantinen 2_row3_c
5.png> <../output_img/Kantinen 2_row4_c5.png> <./D.jpg>]
(C:\Users\Tim\OneDrive\Dokumente\Menueplan_app\log\Kantinen 2_Freitag.aux)
 ***********
LaTeX2e <2024-11-01> patch level 2
L3 programming layer <2025-04-29>
 ***********
 ) 
Here is how much of TeX's memory you used:
 3200 strings out of 469923
 51912 string characters out of 5470139
 443392 words of memory out of 5000000
 29991 multiletter control sequences out of 15000+600000
 649175 words of font info for 54 fonts, out of 8000000 for 9000
 1141 hyphenation exceptions out of 8191
 57i,14n,70p,372b,363s stack positions out of 10000i,1000n,20000p,200000b,200000s
<C:/Users/Tim/AppData/Local/Programs/MiKTeX/fonts/type1/public/lm/lmss12.pfb>
<C:/Users/Tim/AppData/Local/Programs/MiKTeX/fonts/type1/public/lm/lmssbx10.pfb>

Output written on "C:\Users\Tim\OneDrive\Dokumente\Menueplan_app\log\Kantinen 2
_Freitag.pdf" (1 page, 921452 bytes).
PDF statistics:
 26 PDF objects out of 1000 (max. 8388607)
 0 named destinations out of 1000 (max. 500000)
 46 words of extra memory for PDF output out of 10000 (max. 10000000)

